<?xml version="1.0" encoding="UTF-8"?>
<!-- Generated by org.testng.reporters.JUnitReportReporter -->
<testsuite hostname="DESKTOP-G6Q01IK" failures="0" tests="1" name="test.NewTest001" time="13.901" errors="0" timestamp="2023-07-01T17:23:51 IST" skipped="0">
  <testcase classname="test.NewTest001" name="f" time="13.901"/>
</testsuite> <!-- test.NewTest001 -->
